<?xml version="1.0" encoding="UTF-8"?>
<!-- Generated by org.testng.reporters.JUnitReportReporter -->
<testsuite hostname="LAPTOP-QHMN2O5T" failures="0" tests="1" name="test.PostApi" time="1.945" errors="0" timestamp="2025-05-28T16:03:02 IST" skipped="0">
  <testcase classname="test.PostApi" name="checkPostApi" time="1.945"/>
</testsuite> <!-- test.PostApi -->
