<?xml version="1.0" encoding="UTF-8"?>
<!-- Generated by org.testng.reporters.JUnitReportReporter -->
<testsuite hostname="LAPTOP-QHMN2O5T" failures="0" tests="1" name="test.PostApiAuth" time="2.419" errors="0" timestamp="2025-05-29T21:59:17 IST" skipped="0">
  <testcase classname="test.PostApiAuth" name="CreateUserApi" time="2.419"/>
</testsuite> <!-- test.PostApiAuth -->
