<?xml version="1.0" encoding="UTF-8"?>
<!-- Generated by org.testng.reporters.JUnitReportReporter -->
<testsuite hostname="LAPTOP-QHMN2O5T" failures="0" tests="1" name="test.LoginTest" time="5.667" errors="0" timestamp="2025-05-27T21:35:26 IST" skipped="0">
  <testcase classname="test.LoginTest" name="testValidLogin" time="5.667"/>
</testsuite> <!-- test.LoginTest -->
